<?xml version="1.0" encoding="UTF-8"?>
<!-- Generated by org.testng.reporters.JUnitReportReporter -->
<testsuite hostname="DESKTOP-USNFADP" failures="0" tests="1" name="com.internetbanking.testCases.TC_LoginTest_001" time="2.145" errors="0" timestamp="2025-02-25T10:43:41 IST" skipped="0">
  <testcase classname="com.internetbanking.testCases.TC_LoginTest_001" name="loginTest" time="2.145"/>
  <system-out/>
</testsuite> <!-- com.internetbanking.testCases.TC_LoginTest_001 -->
