<?xml version="1.0" encoding="UTF-8"?>
<!-- Generated by org.testng.reporters.JUnitReportReporter -->
<testsuite hostname="DESKTOP-USNFADP" failures="0" tests="1" name="conm.internetbanking.testCases.TC_LoginTest_001" time="1.852" errors="0" timestamp="2025-02-19T18:22:15 IST" skipped="0">
  <testcase classname="conm.internetbanking.testCases.TC_LoginTest_001" name="loginTest" time="1.852"/>
  <system-out/>
</testsuite> <!-- conm.internetbanking.testCases.TC_LoginTest_001 -->
